[2018-03-22 15:09:34] main.DEBUG: cache_invalidate:  {"method":"POST","url":"http://localhost:8888/fullpackage/setup/index.php/install/start","invalidateInfo":{"tags":["CONFIG"],"mode":"matchingTag"},"is_exception":false} []
[2018-03-22 15:09:34] main.DEBUG: cache_invalidate:  {"method":"POST","url":"http://localhost:8888/fullpackage/setup/index.php/install/start","invalidateInfo":{"tags":["LAYOUT_GENERAL_CACHE_TAG"],"mode":"matchingTag"},"is_exception":false} []
[2018-03-22 15:09:34] main.DEBUG: cache_invalidate:  {"method":"POST","url":"http://localhost:8888/fullpackage/setup/index.php/install/start","invalidateInfo":{"tags":["BLOCK_HTML"],"mode":"matchingTag"},"is_exception":false} []
[2018-03-22 15:09:34] main.DEBUG: cache_invalidate:  {"method":"POST","url":"http://localhost:8888/fullpackage/setup/index.php/install/start","invalidateInfo":{"tags":["COLLECTION_DATA"],"mode":"matchingTag"},"is_exception":false} []
[2018-03-22 15:09:34] main.DEBUG: cache_invalidate:  {"method":"POST","url":"http://localhost:8888/fullpackage/setup/index.php/install/start","invalidateInfo":{"tags":["REFLECTION"],"mode":"matchingTag"},"is_exception":false} []
[2018-03-22 15:09:34] main.DEBUG: cache_invalidate:  {"method":"POST","url":"http://localhost:8888/fullpackage/setup/index.php/install/start","invalidateInfo":{"tags":["DB_DDL"],"mode":"matchingTag"},"is_exception":false} []
[2018-03-22 15:09:34] main.DEBUG: cache_invalidate:  {"method":"POST","url":"http://localhost:8888/fullpackage/setup/index.php/install/start","invalidateInfo":{"tags":["EAV"],"mode":"matchingTag"},"is_exception":false} []
[2018-03-22 15:09:34] main.DEBUG: cache_invalidate:  {"method":"POST","url":"http://localhost:8888/fullpackage/setup/index.php/install/start","invalidateInfo":{"tags":["INTEGRATION"],"mode":"matchingTag"},"is_exception":false} []
[2018-03-22 15:09:34] main.DEBUG: cache_invalidate:  {"method":"POST","url":"http://localhost:8888/fullpackage/setup/index.php/install/start","invalidateInfo":{"tags":["INTEGRATION_API_CONFIG"],"mode":"matchingTag"},"is_exception":false} []
[2018-03-22 15:09:34] main.DEBUG: cache_invalidate:  {"method":"POST","url":"http://localhost:8888/fullpackage/setup/index.php/install/start","invalidateInfo":{"tags":["FPC"],"mode":"matchingTag"},"is_exception":false} []
[2018-03-22 15:09:34] main.DEBUG: cache_invalidate:  {"method":"POST","url":"http://localhost:8888/fullpackage/setup/index.php/install/start","invalidateInfo":{"tags":["TRANSLATE"],"mode":"matchingTag"},"is_exception":false} []
[2018-03-22 15:09:34] main.DEBUG: cache_invalidate:  {"method":"POST","url":"http://localhost:8888/fullpackage/setup/index.php/install/start","invalidateInfo":{"tags":["WEBSERVICE"],"mode":"matchingTag"},"is_exception":false} []
[2018-03-22 15:09:34] main.DEBUG: cache_invalidate:  {"method":"POST","url":"http://localhost:8888/fullpackage/setup/index.php/install/start","invalidateInfo":{"tags":["CONFIG"],"mode":"matchingTag"},"is_exception":false} []
[2018-03-22 15:09:34] main.DEBUG: cache_invalidate:  {"method":"POST","url":"http://localhost:8888/fullpackage/setup/index.php/install/start","invalidateInfo":{"tags":["LAYOUT_GENERAL_CACHE_TAG"],"mode":"matchingTag"},"is_exception":false} []
[2018-03-22 15:09:34] main.DEBUG: cache_invalidate:  {"method":"POST","url":"http://localhost:8888/fullpackage/setup/index.php/install/start","invalidateInfo":{"tags":["BLOCK_HTML"],"mode":"matchingTag"},"is_exception":false} []
[2018-03-22 15:09:34] main.DEBUG: cache_invalidate:  {"method":"POST","url":"http://localhost:8888/fullpackage/setup/index.php/install/start","invalidateInfo":{"tags":["COLLECTION_DATA"],"mode":"matchingTag"},"is_exception":false} []
[2018-03-22 15:09:34] main.DEBUG: cache_invalidate:  {"method":"POST","url":"http://localhost:8888/fullpackage/setup/index.php/install/start","invalidateInfo":{"tags":["REFLECTION"],"mode":"matchingTag"},"is_exception":false} []
[2018-03-22 15:09:34] main.DEBUG: cache_invalidate:  {"method":"POST","url":"http://localhost:8888/fullpackage/setup/index.php/install/start","invalidateInfo":{"tags":["DB_DDL"],"mode":"matchingTag"},"is_exception":false} []
[2018-03-22 15:09:34] main.DEBUG: cache_invalidate:  {"method":"POST","url":"http://localhost:8888/fullpackage/setup/index.php/install/start","invalidateInfo":{"tags":["EAV"],"mode":"matchingTag"},"is_exception":false} []
[2018-03-22 15:09:34] main.DEBUG: cache_invalidate:  {"method":"POST","url":"http://localhost:8888/fullpackage/setup/index.php/install/start","invalidateInfo":{"tags":["INTEGRATION"],"mode":"matchingTag"},"is_exception":false} []
[2018-03-22 15:09:34] main.DEBUG: cache_invalidate:  {"method":"POST","url":"http://localhost:8888/fullpackage/setup/index.php/install/start","invalidateInfo":{"tags":["INTEGRATION_API_CONFIG"],"mode":"matchingTag"},"is_exception":false} []
[2018-03-22 15:09:34] main.DEBUG: cache_invalidate:  {"method":"POST","url":"http://localhost:8888/fullpackage/setup/index.php/install/start","invalidateInfo":{"tags":["FPC"],"mode":"matchingTag"},"is_exception":false} []
[2018-03-22 15:09:34] main.DEBUG: cache_invalidate:  {"method":"POST","url":"http://localhost:8888/fullpackage/setup/index.php/install/start","invalidateInfo":{"tags":["TRANSLATE"],"mode":"matchingTag"},"is_exception":false} []
[2018-03-22 15:09:34] main.DEBUG: cache_invalidate:  {"method":"POST","url":"http://localhost:8888/fullpackage/setup/index.php/install/start","invalidateInfo":{"tags":["WEBSERVICE"],"mode":"matchingTag"},"is_exception":false} []
[2018-03-22 15:09:35] main.DEBUG: cache_invalidate:  {"method":"GET","url":"http://localhost:8888/fullpackage/setup/index.php/success","invalidateInfo":{"tags":["interception","CONFIG"],"mode":"matchingTag"},"is_exception":false} []
[2018-03-22 15:11:48] main.DEBUG: cache_invalidate:  {"method":"POST","url":"http://localhost:8888/fullpackage/admin/admin/index/index/key/215c2600a00cfeaed0d1443717bccf979eacbf74e26750941c2b07319ab1658e/","invalidateInfo":{"tags":["BACKEND_MAINMENU"],"mode":"matchingAnyTag"},"is_exception":false} []
[2018-03-24 07:47:08] main.DEBUG: cache_invalidate:  {"method":"POST","url":"http://localhost:8888/fullpackage/admin/admin/index/index/key/ba74f552be36969a2c8f28277e723bf5a741f5cb8713c50ae07b7200bd7a98ed/","invalidateInfo":{"tags":["BACKEND_MAINMENU"],"mode":"matchingAnyTag"},"is_exception":false} []
